<?xml version="1.0" encoding="UTF-8"?>
<testng-results ignored="1" total="5" passed="3" failed="1" skipped="0">
  <reporter-output>
  </reporter-output>
  <suite started-at="2026-09-01T22:42:20 IST" name="Maven Selenium Practice Suite" finished-at="2026-09-01T22:43:06 IST" duration-ms="46200">
    <groups>
      <group name="regression">
        <method signature="LoginTest.verifyLoginWithMultipleData(java.lang.String,java.lang.String,java.lang.String)[pri:0, instance:com.sachin.tests.LoginTest@273e7444]" name="verifyLoginWithMultipleData" class="com.sachin.tests.LoginTest"/>
        <method signature="LoginTest.verifyLogout()[pri:0, instance:com.sachin.tests.LoginTest@273e7444]" name="verifyLogout" class="com.sachin.tests.LoginTest"/>
      </group> <!-- regression -->
    </groups>
    <test started-at="2026-09-01T22:42:20 IST" name="Regression Tests" finished-at="2026-09-01T22:43:06 IST" duration-ms="46200">
      <class name="com.sachin.tests.LoginTest">
        <test-method is-config="true" signature="setUp()[pri:0, instance:com.sachin.tests.LoginTest@273e7444]" started-at="2026-09-01T22:42:21 IST" name="setUp" finished-at="2026-09-01T22:42:49 IST" duration-ms="27771" status="PASS">
          <reporter-output>
          </reporter-output>
        </test-method> <!-- setUp -->
        <test-method signature="verifyLoginWithMultipleData(java.lang.String,java.lang.String,java.lang.String)[pri:0, instance:com.sachin.tests.LoginTest@273e7444]" started-at="2026-09-01T22:42:49 IST" name="verifyLoginWithMultipleData" data-provider="loginData" finished-at="2026-09-01T22:42:50 IST" duration-ms="1760" status="FAIL">
          <params>
            <param index="0">
              <value>
                <![CDATA[standard_user]]>
              </value>
            </param>
            <param index="1">
              <value>
                <![CDATA[secret_sauce]]>
              </value>
            </param>
            <param index="2">
              <value>
                <![CDATA[Valid]]>
              </value>
            </param>
          </params>
          <exception class="java.lang.AssertionError">
            <message>
              <![CDATA[expected [Wrong Heading] but found [Products]]]>
            </message>
            <full-stacktrace>
              <![CDATA[java.lang.AssertionError: expected [Wrong Heading] but found [Products]
at org.testng.Assert.fail(Assert.java:111)
at org.testng.Assert.failNotEquals(Assert.java:1590)
at org.testng.Assert.assertEqualsImpl(Assert.java:150)
at org.testng.Assert.assertEquals(Assert.java:132)
at org.testng.Assert.assertEquals(Assert.java:656)
at org.testng.Assert.assertEquals(Assert.java:666)
at com.sachin.tests.LoginTest.verifyLoginWithMultipleData(LoginTest.java:108)
at java.base/jdk.internal.reflect.DirectMethodHandleAccessor.invoke(DirectMethodHandleAccessor.java:104)
at java.base/java.lang.reflect.Method.invoke(Method.java:565)
at org.testng.internal.invokers.MethodInvocationHelper.invokeMethod(MethodInvocationHelper.java:141)
at org.testng.internal.invokers.TestInvoker.invokeMethod(TestInvoker.java:687)
at org.testng.internal.invokers.TestInvoker.invokeTestMethod(TestInvoker.java:230)
at org.testng.internal.invokers.MethodRunner.runInSequence(MethodRunner.java:63)
at org.testng.internal.invokers.TestInvoker$MethodInvocationAgent.invoke(TestInvoker.java:995)
at org.testng.internal.invokers.TestInvoker.invokeTestMethods(TestInvoker.java:203)
at org.testng.internal.invokers.TestMethodWorker.invokeTestMethods(TestMethodWorker.java:154)
at org.testng.internal.invokers.TestMethodWorker.run(TestMethodWorker.java:134)
at java.base/java.util.ArrayList.forEach(ArrayList.java:1604)
at org.testng.TestRunner.privateRun(TestRunner.java:741)
at org.testng.TestRunner.run(TestRunner.java:616)
at org.testng.SuiteRunner.runTest(SuiteRunner.java:421)
at org.testng.SuiteRunner.runSequentially(SuiteRunner.java:413)
at org.testng.SuiteRunner.privateRun(SuiteRunner.java:373)
at org.testng.SuiteRunner.run(SuiteRunner.java:312)
at org.testng.SuiteRunnerWorker.runSuite(SuiteRunnerWorker.java:52)
at org.testng.SuiteRunnerWorker.run(SuiteRunnerWorker.java:95)
at org.testng.TestNG.runSuitesSequentially(TestNG.java:1274)
at org.testng.TestNG.runSuitesLocally(TestNG.java:1208)
at org.testng.TestNG.runSuites(TestNG.java:1112)
at org.testng.TestNG.run(TestNG.java:1079)
at org.apache.maven.surefire.testng.TestNGExecutor.run(TestNGExecutor.java:308)
at org.apache.maven.surefire.testng.TestNGXmlTestSuite.execute(TestNGXmlTestSuite.java:71)
at org.apache.maven.surefire.testng.TestNGProvider.invoke(TestNGProvider.java:113)
at org.apache.maven.surefire.booter.ForkedBooter.runSuitesInProcess(ForkedBooter.java:385)
at org.apache.maven.surefire.booter.ForkedBooter.execute(ForkedBooter.java:162)
at org.apache.maven.surefire.booter.ForkedBooter.run(ForkedBooter.java:507)
at org.apache.maven.surefire.booter.ForkedBooter.main(ForkedBooter.java:495)
]]>
            </full-stacktrace>
          </exception> <!-- java.lang.AssertionError -->
          <reporter-output>
          </reporter-output>
        </test-method> <!-- verifyLoginWithMultipleData -->
        <test-method is-config="true" signature="tearDown()[pri:0, instance:com.sachin.tests.LoginTest@273e7444]" started-at="2026-09-01T22:42:51 IST" name="tearDown" finished-at="2026-09-01T22:42:51 IST" duration-ms="521" status="PASS">
          <reporter-output>
          </reporter-output>
        </test-method> <!-- tearDown -->
        <test-method is-config="true" signature="setUp()[pri:0, instance:com.sachin.tests.LoginTest@273e7444]" started-at="2026-09-01T22:42:51 IST" name="setUp" finished-at="2026-09-01T22:42:53 IST" duration-ms="2055" status="PASS">
          <reporter-output>
          </reporter-output>
        </test-method> <!-- setUp -->
        <test-method signature="verifyLoginWithMultipleData(java.lang.String,java.lang.String,java.lang.String)[pri:0, instance:com.sachin.tests.LoginTest@273e7444]" started-at="2026-09-01T22:42:53 IST" name="verifyLoginWithMultipleData" data-provider="loginData" finished-at="2026-09-01T22:42:55 IST" duration-ms="1368" status="PASS">
          <params>
            <param index="0">
              <value>
                <![CDATA[standard_user]]>
              </value>
            </param>
            <param index="1">
              <value>
                <![CDATA[wrong_password]]>
              </value>
            </param>
            <param index="2">
              <value>
                <![CDATA[Invalid]]>
              </value>
            </param>
          </params>
          <reporter-output>
          </reporter-output>
        </test-method> <!-- verifyLoginWithMultipleData -->
        <test-method is-config="true" signature="tearDown()[pri:0, instance:com.sachin.tests.LoginTest@273e7444]" started-at="2026-09-01T22:42:55 IST" name="tearDown" finished-at="2026-09-01T22:42:55 IST" duration-ms="485" status="PASS">
          <reporter-output>
          </reporter-output>
        </test-method> <!-- tearDown -->
        <test-method is-config="true" signature="setUp()[pri:0, instance:com.sachin.tests.LoginTest@273e7444]" started-at="2026-09-01T22:42:55 IST" name="setUp" finished-at="2026-09-01T22:42:57 IST" duration-ms="2184" status="PASS">
          <reporter-output>
          </reporter-output>
        </test-method> <!-- setUp -->
        <test-method signature="verifyLoginWithMultipleData(java.lang.String,java.lang.String,java.lang.String)[pri:0, instance:com.sachin.tests.LoginTest@273e7444]" started-at="2026-09-01T22:42:57 IST" name="verifyLoginWithMultipleData" data-provider="loginData" finished-at="2026-09-01T22:42:59 IST" duration-ms="1458" status="PASS">
          <params>
            <param index="0">
              <value>
                <![CDATA[wrong_user]]>
              </value>
            </param>
            <param index="1">
              <value>
                <![CDATA[secret_sauce]]>
              </value>
            </param>
            <param index="2">
              <value>
                <![CDATA[Invalid]]>
              </value>
            </param>
          </params>
          <reporter-output>
          </reporter-output>
        </test-method> <!-- verifyLoginWithMultipleData -->
        <test-method is-config="true" signature="tearDown()[pri:0, instance:com.sachin.tests.LoginTest@273e7444]" started-at="2026-09-01T22:42:59 IST" name="tearDown" finished-at="2026-09-01T22:42:59 IST" duration-ms="387" status="PASS">
          <reporter-output>
          </reporter-output>
        </test-method> <!-- tearDown -->
        <test-method is-config="true" signature="setUp()[pri:0, instance:com.sachin.tests.LoginTest@273e7444]" started-at="2026-09-01T22:42:59 IST" name="setUp" finished-at="2026-09-01T22:43:02 IST" duration-ms="2670" status="PASS">
          <reporter-output>
          </reporter-output>
        </test-method> <!-- setUp -->
        <test-method signature="verifyLogout()[pri:0, instance:com.sachin.tests.LoginTest@273e7444]" started-at="2026-09-01T22:43:02 IST" name="verifyLogout" finished-at="2026-09-01T22:43:05 IST" duration-ms="3493" status="PASS">
          <reporter-output>
          </reporter-output>
        </test-method> <!-- verifyLogout -->
        <test-method is-config="true" signature="tearDown()[pri:0, instance:com.sachin.tests.LoginTest@273e7444]" started-at="2026-09-01T22:43:05 IST" name="tearDown" finished-at="2026-09-01T22:43:06 IST" duration-ms="496" status="PASS">
          <reporter-output>
          </reporter-output>
        </test-method> <!-- tearDown -->
      </class> <!-- com.sachin.tests.LoginTest -->
    </test> <!-- Regression Tests -->
  </suite> <!-- Maven Selenium Practice Suite -->
</testng-results>
