<?xml version="1.0" encoding="UTF-8"?>
<testng-results ignored="1" total="5" passed="4" failed="0" skipped="0">
  <reporter-output>
  </reporter-output>
  <suite started-at="2026-09-01T16:04:33 IST" name="Maven Selenium Practice Suite" finished-at="2026-09-01T16:04:57 IST" duration-ms="24432">
    <groups>
      <group name="regression">
        <method signature="LoginTest.verifyLoginWithMultipleData(java.lang.String,java.lang.String,java.lang.String)[pri:0, instance:com.sachin.tests.LoginTest@5386659f]" name="verifyLoginWithMultipleData" class="com.sachin.tests.LoginTest"/>
        <method signature="LoginTest.verifyLogout()[pri:0, instance:com.sachin.tests.LoginTest@5386659f]" name="verifyLogout" class="com.sachin.tests.LoginTest"/>
      </group> <!-- regression -->
    </groups>
    <test started-at="2026-09-01T16:04:33 IST" name="Regression Tests" finished-at="2026-09-01T16:04:57 IST" duration-ms="24432">
      <class name="com.sachin.tests.LoginTest">
        <test-method is-config="true" signature="setUp()[pri:0, instance:com.sachin.tests.LoginTest@5386659f]" started-at="2026-09-01T16:04:34 IST" name="setUp" finished-at="2026-09-01T16:04:39 IST" duration-ms="4690" status="PASS">
          <reporter-output>
          </reporter-output>
        </test-method> <!-- setUp -->
        <test-method signature="verifyLoginWithMultipleData(java.lang.String,java.lang.String,java.lang.String)[pri:0, instance:com.sachin.tests.LoginTest@5386659f]" started-at="2026-09-01T16:04:39 IST" name="verifyLoginWithMultipleData" data-provider="loginData" finished-at="2026-09-01T16:04:40 IST" duration-ms="1004" status="PASS">
          <params>
            <param index="0">
              <value>
                <![CDATA[standard_user]]>
              </value>
            </param>
            <param index="1">
              <value>
                <![CDATA[secret_sauce]]>
              </value>
            </param>
            <param index="2">
              <value>
                <![CDATA[Valid]]>
              </value>
            </param>
          </params>
          <reporter-output>
          </reporter-output>
        </test-method> <!-- verifyLoginWithMultipleData -->
        <test-method is-config="true" signature="tearDown()[pri:0, instance:com.sachin.tests.LoginTest@5386659f]" started-at="2026-09-01T16:04:40 IST" name="tearDown" finished-at="2026-09-01T16:04:40 IST" duration-ms="670" status="PASS">
          <reporter-output>
          </reporter-output>
        </test-method> <!-- tearDown -->
        <test-method is-config="true" signature="setUp()[pri:0, instance:com.sachin.tests.LoginTest@5386659f]" started-at="2026-09-01T16:04:40 IST" name="setUp" finished-at="2026-09-01T16:04:43 IST" duration-ms="2298" status="PASS">
          <reporter-output>
          </reporter-output>
        </test-method> <!-- setUp -->
        <test-method signature="verifyLoginWithMultipleData(java.lang.String,java.lang.String,java.lang.String)[pri:0, instance:com.sachin.tests.LoginTest@5386659f]" started-at="2026-09-01T16:04:43 IST" name="verifyLoginWithMultipleData" data-provider="loginData" finished-at="2026-09-01T16:04:44 IST" duration-ms="1566" status="PASS">
          <params>
            <param index="0">
              <value>
                <![CDATA[standard_user]]>
              </value>
            </param>
            <param index="1">
              <value>
                <![CDATA[wrong_password]]>
              </value>
            </param>
            <param index="2">
              <value>
                <![CDATA[Invalid]]>
              </value>
            </param>
          </params>
          <reporter-output>
          </reporter-output>
        </test-method> <!-- verifyLoginWithMultipleData -->
        <test-method is-config="true" signature="tearDown()[pri:0, instance:com.sachin.tests.LoginTest@5386659f]" started-at="2026-09-01T16:04:44 IST" name="tearDown" finished-at="2026-09-01T16:04:45 IST" duration-ms="747" status="PASS">
          <reporter-output>
          </reporter-output>
        </test-method> <!-- tearDown -->
        <test-method is-config="true" signature="setUp()[pri:0, instance:com.sachin.tests.LoginTest@5386659f]" started-at="2026-09-01T16:04:45 IST" name="setUp" finished-at="2026-09-01T16:04:47 IST" duration-ms="2252" status="PASS">
          <reporter-output>
          </reporter-output>
        </test-method> <!-- setUp -->
        <test-method signature="verifyLoginWithMultipleData(java.lang.String,java.lang.String,java.lang.String)[pri:0, instance:com.sachin.tests.LoginTest@5386659f]" started-at="2026-09-01T16:04:47 IST" name="verifyLoginWithMultipleData" data-provider="loginData" finished-at="2026-09-01T16:04:49 IST" duration-ms="1470" status="PASS">
          <params>
            <param index="0">
              <value>
                <![CDATA[wrong_user]]>
              </value>
            </param>
            <param index="1">
              <value>
                <![CDATA[secret_sauce]]>
              </value>
            </param>
            <param index="2">
              <value>
                <![CDATA[Invalid]]>
              </value>
            </param>
          </params>
          <reporter-output>
          </reporter-output>
        </test-method> <!-- verifyLoginWithMultipleData -->
        <test-method is-config="true" signature="tearDown()[pri:0, instance:com.sachin.tests.LoginTest@5386659f]" started-at="2026-09-01T16:04:49 IST" name="tearDown" finished-at="2026-09-01T16:04:49 IST" duration-ms="469" status="PASS">
          <reporter-output>
          </reporter-output>
        </test-method> <!-- tearDown -->
        <test-method is-config="true" signature="setUp()[pri:0, instance:com.sachin.tests.LoginTest@5386659f]" started-at="2026-09-01T16:04:49 IST" name="setUp" finished-at="2026-09-01T16:04:55 IST" duration-ms="5771" status="PASS">
          <reporter-output>
          </reporter-output>
        </test-method> <!-- setUp -->
        <test-method signature="verifyLogout()[pri:0, instance:com.sachin.tests.LoginTest@5386659f]" started-at="2026-09-01T16:04:55 IST" name="verifyLogout" finished-at="2026-09-01T16:04:57 IST" duration-ms="1701" status="PASS">
          <reporter-output>
          </reporter-output>
        </test-method> <!-- verifyLogout -->
        <test-method is-config="true" signature="tearDown()[pri:0, instance:com.sachin.tests.LoginTest@5386659f]" started-at="2026-09-01T16:04:57 IST" name="tearDown" finished-at="2026-09-01T16:04:57 IST" duration-ms="478" status="PASS">
          <reporter-output>
          </reporter-output>
        </test-method> <!-- tearDown -->
      </class> <!-- com.sachin.tests.LoginTest -->
    </test> <!-- Regression Tests -->
  </suite> <!-- Maven Selenium Practice Suite -->
</testng-results>
