<?xml version="1.0" encoding="UTF-8"?>
<testng-results ignored="1" total="5" passed="4" failed="0" skipped="0">
  <reporter-output>
  </reporter-output>
  <suite started-at="2026-08-31T15:14:54 IST" name="Maven Selenium Practice Suite" finished-at="2026-08-31T15:15:30 IST" duration-ms="35828">
    <groups>
      <group name="regression">
        <method signature="LoginTest.verifyLoginWithMultipleData(java.lang.String,java.lang.String,java.lang.String)[pri:0, instance:com.sachin.tests.LoginTest@7722c3c3]" name="verifyLoginWithMultipleData" class="com.sachin.tests.LoginTest"/>
        <method signature="LoginTest.verifyLogout()[pri:0, instance:com.sachin.tests.LoginTest@7722c3c3]" name="verifyLogout" class="com.sachin.tests.LoginTest"/>
      </group> <!-- regression -->
    </groups>
    <test started-at="2026-08-31T15:14:54 IST" name="Regression Tests" finished-at="2026-08-31T15:15:30 IST" duration-ms="35828">
      <class name="com.sachin.tests.LoginTest">
        <test-method is-config="true" signature="setUp()[pri:0, instance:com.sachin.tests.LoginTest@7722c3c3]" started-at="2026-08-31T15:14:56 IST" name="setUp" finished-at="2026-08-31T15:15:07 IST" duration-ms="11033" status="PASS">
          <reporter-output>
          </reporter-output>
        </test-method> <!-- setUp -->
        <test-method signature="verifyLoginWithMultipleData(java.lang.String,java.lang.String,java.lang.String)[pri:0, instance:com.sachin.tests.LoginTest@7722c3c3]" started-at="2026-08-31T15:15:07 IST" name="verifyLoginWithMultipleData" data-provider="loginData" finished-at="2026-08-31T15:15:09 IST" duration-ms="2291" status="PASS">
          <params>
            <param index="0">
              <value>
                <![CDATA[standard_user]]>
              </value>
            </param>
            <param index="1">
              <value>
                <![CDATA[secret_sauce]]>
              </value>
            </param>
            <param index="2">
              <value>
                <![CDATA[Valid]]>
              </value>
            </param>
          </params>
          <reporter-output>
          </reporter-output>
        </test-method> <!-- verifyLoginWithMultipleData -->
        <test-method is-config="true" signature="tearDown()[pri:0, instance:com.sachin.tests.LoginTest@7722c3c3]" started-at="2026-08-31T15:15:09 IST" name="tearDown" finished-at="2026-08-31T15:15:10 IST" duration-ms="771" status="PASS">
          <reporter-output>
          </reporter-output>
        </test-method> <!-- tearDown -->
        <test-method is-config="true" signature="setUp()[pri:0, instance:com.sachin.tests.LoginTest@7722c3c3]" started-at="2026-08-31T15:15:10 IST" name="setUp" finished-at="2026-08-31T15:15:16 IST" duration-ms="5960" status="PASS">
          <reporter-output>
          </reporter-output>
        </test-method> <!-- setUp -->
        <test-method signature="verifyLoginWithMultipleData(java.lang.String,java.lang.String,java.lang.String)[pri:0, instance:com.sachin.tests.LoginTest@7722c3c3]" started-at="2026-08-31T15:15:16 IST" name="verifyLoginWithMultipleData" data-provider="loginData" finished-at="2026-08-31T15:15:17 IST" duration-ms="944" status="PASS">
          <params>
            <param index="0">
              <value>
                <![CDATA[standard_user]]>
              </value>
            </param>
            <param index="1">
              <value>
                <![CDATA[wrong_password]]>
              </value>
            </param>
            <param index="2">
              <value>
                <![CDATA[Invalid]]>
              </value>
            </param>
          </params>
          <reporter-output>
          </reporter-output>
        </test-method> <!-- verifyLoginWithMultipleData -->
        <test-method is-config="true" signature="tearDown()[pri:0, instance:com.sachin.tests.LoginTest@7722c3c3]" started-at="2026-08-31T15:15:17 IST" name="tearDown" finished-at="2026-08-31T15:15:18 IST" duration-ms="686" status="PASS">
          <reporter-output>
          </reporter-output>
        </test-method> <!-- tearDown -->
        <test-method is-config="true" signature="setUp()[pri:0, instance:com.sachin.tests.LoginTest@7722c3c3]" started-at="2026-08-31T15:15:18 IST" name="setUp" finished-at="2026-08-31T15:15:21 IST" duration-ms="3733" status="PASS">
          <reporter-output>
          </reporter-output>
        </test-method> <!-- setUp -->
        <test-method signature="verifyLoginWithMultipleData(java.lang.String,java.lang.String,java.lang.String)[pri:0, instance:com.sachin.tests.LoginTest@7722c3c3]" started-at="2026-08-31T15:15:21 IST" name="verifyLoginWithMultipleData" data-provider="loginData" finished-at="2026-08-31T15:15:23 IST" duration-ms="1800" status="PASS">
          <params>
            <param index="0">
              <value>
                <![CDATA[wrong_user]]>
              </value>
            </param>
            <param index="1">
              <value>
                <![CDATA[secret_sauce]]>
              </value>
            </param>
            <param index="2">
              <value>
                <![CDATA[Invalid]]>
              </value>
            </param>
          </params>
          <reporter-output>
          </reporter-output>
        </test-method> <!-- verifyLoginWithMultipleData -->
        <test-method is-config="true" signature="tearDown()[pri:0, instance:com.sachin.tests.LoginTest@7722c3c3]" started-at="2026-08-31T15:15:23 IST" name="tearDown" finished-at="2026-08-31T15:15:24 IST" duration-ms="523" status="PASS">
          <reporter-output>
          </reporter-output>
        </test-method> <!-- tearDown -->
        <test-method is-config="true" signature="setUp()[pri:0, instance:com.sachin.tests.LoginTest@7722c3c3]" started-at="2026-08-31T15:15:24 IST" name="setUp" finished-at="2026-08-31T15:15:26 IST" duration-ms="2744" status="PASS">
          <reporter-output>
          </reporter-output>
        </test-method> <!-- setUp -->
        <test-method signature="verifyLogout()[pri:0, instance:com.sachin.tests.LoginTest@7722c3c3]" started-at="2026-08-31T15:15:26 IST" name="verifyLogout" finished-at="2026-08-31T15:15:30 IST" duration-ms="3434" status="PASS">
          <reporter-output>
          </reporter-output>
        </test-method> <!-- verifyLogout -->
        <test-method is-config="true" signature="tearDown()[pri:0, instance:com.sachin.tests.LoginTest@7722c3c3]" started-at="2026-08-31T15:15:30 IST" name="tearDown" finished-at="2026-08-31T15:15:30 IST" duration-ms="400" status="PASS">
          <reporter-output>
          </reporter-output>
        </test-method> <!-- tearDown -->
      </class> <!-- com.sachin.tests.LoginTest -->
    </test> <!-- Regression Tests -->
  </suite> <!-- Maven Selenium Practice Suite -->
</testng-results>
