<?xml version="1.0" encoding="UTF-8"?>
<!-- Generated by org.testng.reporters.JUnitReportReporter -->
<testsuite hostname="SHREE" failures="0" tests="4" name="com.sachin.tests.LoginTest" time="23.116" errors="0" timestamp="2026-09-01T16:04:58 IST" skipped="0">
  <testcase classname="com.sachin.tests.LoginTest" name="verifyLoginWithMultipleData" time="4.534"/>
  <testcase classname="com.sachin.tests.LoginTest" name="verifyLoginWithMultipleData" time="7.244"/>
  <testcase classname="com.sachin.tests.LoginTest" name="verifyLoginWithMultipleData" time="4.200"/>
  <testcase classname="com.sachin.tests.LoginTest" name="verifyLogout" time="7.138"/>
</testsuite> <!-- com.sachin.tests.LoginTest -->
