<?xml version="1.0" encoding="UTF-8"?>
<!-- Generated by org.testng.reporters.JUnitReportReporter -->
<testsuite hostname="SHREE" failures="0" tests="4" name="com.sachin.tests.LoginTest" time="19.360" errors="0" timestamp="2026-09-01T16:31:28 IST" skipped="0">
  <testcase classname="com.sachin.tests.LoginTest" name="verifyLoginWithMultipleData" time="6.792"/>
  <testcase classname="com.sachin.tests.LoginTest" name="verifyLogout" time="5.079"/>
  <testcase classname="com.sachin.tests.LoginTest" name="verifyLoginWithMultipleData" time="4.150"/>
  <testcase classname="com.sachin.tests.LoginTest" name="verifyLoginWithMultipleData" time="3.339"/>
</testsuite> <!-- com.sachin.tests.LoginTest -->
