<?xml version="1.0" encoding="UTF-8"?>
<!-- Generated by org.testng.reporters.JUnitXMLReporter -->
<testsuite ignored="1" hostname="SHREE" failures="0" tests="4" name="Regression Tests" time="35.828" errors="0" timestamp="2026-08-31T15:15:30 IST">
  <testcase classname="com.sachin.tests.LoginTest" name="verifyLoginWithMultipleData" time="2.291"/>
  <testcase classname="com.sachin.tests.LoginTest" name="verifyLoginWithMultipleData" time="0.944"/>
  <testcase classname="com.sachin.tests.LoginTest" name="verifyLoginWithMultipleData" time="1.8"/>
  <testcase classname="com.sachin.tests.LoginTest" name="verifyLogout" time="3.434"/>
  <testcase classname="com.sachin.tests.LoginTest" name="verifyValidLogin" time="0.0">
    <ignored/>
  </testcase> <!-- verifyValidLogin -->
</testsuite> <!-- Regression Tests -->
