<?xml version="1.0" encoding="UTF-8"?>
<!-- Generated by org.testng.reporters.JUnitXMLReporter -->
<testsuite ignored="2" hostname="SHREE" failures="0" tests="1" name="Smoke Tests" time="6.204" errors="0" timestamp="2026-08-30T21:49:49 IST">
  <testcase classname="com.sachin.tests.LoginTest" name="verifyValidLogin" time="0.811"/>
  <testcase classname="com.sachin.tests.LoginTest" name="verifyLogout" time="0.0">
    <ignored/>
  </testcase> <!-- verifyLogout -->
  <testcase classname="com.sachin.tests.LoginTest" name="verifyLoginWithMultipleData" time="0.0">
    <ignored/>
  </testcase> <!-- verifyLoginWithMultipleData -->
</testsuite> <!-- Smoke Tests -->
