<?xml version="1.0" encoding="UTF-8"?>
<!-- Generated by org.testng.reporters.JUnitXMLReporter -->
<testsuite ignored="1" hostname="SHREE" failures="1" tests="4" name="Regression Tests" time="46.2" errors="0" timestamp="2026-09-01T22:43:06 IST">
  <testcase classname="com.sachin.tests.LoginTest" name="verifyLoginWithMultipleData" time="1.76">
    <failure type="java.lang.AssertionError" message="expected [Wrong Heading] but found [Products]">
      <![CDATA[java.lang.AssertionError: expected [Wrong Heading] but found [Products]
at com.sachin.tests.LoginTest.verifyLoginWithMultipleData(LoginTest.java:108)
at java.base/java.util.ArrayList.forEach(ArrayList.java:1604)
... Removed 35 stack frames]]>
    </failure>
  </testcase> <!-- verifyLoginWithMultipleData -->
  <testcase classname="com.sachin.tests.LoginTest" name="verifyLoginWithMultipleData" time="1.368"/>
  <testcase classname="com.sachin.tests.LoginTest" name="verifyLoginWithMultipleData" time="1.458"/>
  <testcase classname="com.sachin.tests.LoginTest" name="verifyLogout" time="3.493"/>
  <testcase classname="com.sachin.tests.LoginTest" name="verifyValidLogin" time="0.0">
    <ignored/>
  </testcase> <!-- verifyValidLogin -->
</testsuite> <!-- Regression Tests -->
