<?xml version="1.0" encoding="UTF-8"?>
<!-- Generated by org.testng.reporters.JUnitXMLReporter -->
<testsuite ignored="1" hostname="SHREE" failures="0" tests="4" name="Regression Tests" time="23.6" errors="0" timestamp="2026-09-01T09:42:14 IST">
  <testcase classname="com.sachin.tests.LoginTest" name="verifyLoginWithMultipleData" time="0.84"/>
  <testcase classname="com.sachin.tests.LoginTest" name="verifyLoginWithMultipleData" time="1.262"/>
  <testcase classname="com.sachin.tests.LoginTest" name="verifyLoginWithMultipleData" time="1.733"/>
  <testcase classname="com.sachin.tests.LoginTest" name="verifyLogout" time="1.711"/>
  <testcase classname="com.sachin.tests.LoginTest" name="verifyValidLogin" time="0.0">
    <ignored/>
  </testcase> <!-- verifyValidLogin -->
</testsuite> <!-- Regression Tests -->
