<?xml version="1.0" encoding="UTF-8"?>
<!-- Generated by org.testng.reporters.JUnitReportReporter -->
<testsuite hostname="SHREE" failures="0" tests="4" name="com.sachin.tests.LoginTest" time="22.326" errors="0" timestamp="2026-09-01T09:42:14 IST" skipped="0">
  <testcase classname="com.sachin.tests.LoginTest" name="verifyLogout" time="5.654"/>
  <testcase classname="com.sachin.tests.LoginTest" name="verifyLoginWithMultipleData" time="4.651"/>
  <testcase classname="com.sachin.tests.LoginTest" name="verifyLoginWithMultipleData" time="4.932"/>
  <testcase classname="com.sachin.tests.LoginTest" name="verifyLoginWithMultipleData" time="7.089"/>
</testsuite> <!-- com.sachin.tests.LoginTest -->
